mode: set
projekt/internal/handlers/handlers.go:31.62,36.2 1 0
projekt/internal/handlers/handlers.go:39.51,44.2 1 1
projekt/internal/handlers/handlers.go:47.33,49.2 1 1
projekt/internal/handlers/handlers.go:52.67,54.2 1 1
projekt/internal/handlers/handlers.go:57.68,61.2 1 1
projekt/internal/handlers/handlers.go:64.74,66.9 2 1
projekt/internal/handlers/handlers.go:66.9,70.3 3 1
projekt/internal/handlers/handlers.go:72.2,73.16 2 1
projekt/internal/handlers/handlers.go:73.16,77.3 3 1
projekt/internal/handlers/handlers.go:79.2,97.4 10 1
projekt/internal/handlers/handlers.go:101.78,103.16 2 1
projekt/internal/handlers/handlers.go:103.16,107.3 3 1
projekt/internal/handlers/handlers.go:109.2,117.16 5 1
projekt/internal/handlers/handlers.go:117.16,121.3 3 1
projekt/internal/handlers/handlers.go:123.2,124.16 2 1
projekt/internal/handlers/handlers.go:124.16,128.3 3 1
projekt/internal/handlers/handlers.go:130.2,131.16 2 1
projekt/internal/handlers/handlers.go:131.16,135.3 3 1
projekt/internal/handlers/handlers.go:137.2,153.19 6 1
projekt/internal/handlers/handlers.go:153.19,162.3 5 1
projekt/internal/handlers/handlers.go:164.2,165.16 2 1
projekt/internal/handlers/handlers.go:165.16,169.3 3 1
projekt/internal/handlers/handlers.go:171.2,180.16 3 1
projekt/internal/handlers/handlers.go:180.16,184.3 3 1
projekt/internal/handlers/handlers.go:186.2,188.66 2 1
projekt/internal/handlers/handlers.go:192.71,194.2 1 1
projekt/internal/handlers/handlers.go:197.69,199.2 1 1
projekt/internal/handlers/handlers.go:202.75,204.2 1 1
projekt/internal/handlers/handlers.go:207.79,213.16 5 0
projekt/internal/handlers/handlers.go:213.16,216.3 2 0
projekt/internal/handlers/handlers.go:217.2,218.16 2 0
projekt/internal/handlers/handlers.go:218.16,221.3 2 0
projekt/internal/handlers/handlers.go:223.2,224.16 2 0
projekt/internal/handlers/handlers.go:224.16,227.3 2 0
projekt/internal/handlers/handlers.go:229.2,229.21 1 0
projekt/internal/handlers/handlers.go:229.21,234.3 3 0
projekt/internal/handlers/handlers.go:236.2,248.4 5 0
projekt/internal/handlers/handlers.go:260.79,263.16 2 1
projekt/internal/handlers/handlers.go:263.16,274.3 5 0
projekt/internal/handlers/handlers.go:276.2,286.16 8 1
projekt/internal/handlers/handlers.go:286.16,297.3 5 0
projekt/internal/handlers/handlers.go:299.2,310.14 4 1
projekt/internal/handlers/handlers.go:314.70,316.2 1 1
projekt/internal/handlers/handlers.go:319.81,321.9 2 0
projekt/internal/handlers/handlers.go:321.9,326.3 4 0
projekt/internal/handlers/handlers.go:328.2,342.4 9 0
projekt/internal/handlers/handlers.go:346.73,348.16 2 0
projekt/internal/handlers/handlers.go:348.16,353.3 4 0
projekt/internal/handlers/handlers.go:354.2,357.9 3 0
projekt/internal/handlers/handlers.go:357.9,360.3 2 0
projekt/internal/handlers/handlers.go:362.2,366.63 3 0
projekt/internal/handlers/handlers.go:370.71,382.16 9 0
projekt/internal/handlers/handlers.go:382.16,385.3 2 0
projekt/internal/handlers/handlers.go:387.2,394.63 6 0
